<?xml version="1.0" encoding="utf-8"?><testsuites name="pytest tests"><testsuite name="pytest" errors="0" failures="0" skipped="0" tests="7" time="1.121" timestamp="2026-04-27T20:57:43.557965+00:00" hostname="agent-env-1d0afa1d-7b17-4c1d-91af-20a5f45f7197"><testcase classname="backend.tests.backend_test.TestHealth" name="test_health" time="0.224" /><testcase classname="backend.tests.backend_test.TestHealth" name="test_root" time="0.062" /><testcase classname="backend.tests.backend_test.TestContact" name="test_create_contact_success" time="0.352" /><testcase classname="backend.tests.backend_test.TestContact" name="test_missing_required_fields" time="0.065" /><testcase classname="backend.tests.backend_test.TestContact" name="test_invalid_email" time="0.064" /><testcase classname="backend.tests.backend_test.TestContact" name="test_short_message" time="0.077" /><testcase classname="backend.tests.backend_test.TestContact" name="test_list_contacts" time="0.060" /></testsuite></testsuites>